 _________________________________________________________________________

        FORCE FIELD X - Polyglot Software for Molecular Biophysics 

        Version 1.0.0-6818  August 2025 
        Git Revision  beac7794275159fbdc78ead2146566c61e6834b1 
 
        Please cite the following reference when using Force Field X:

        RA Gogal, AJ Nessler, AC Thiel, HV Bernabe, RA Corrigan Grove,
        LM Cousineau, JM Litman, JM Miller, G Qi, MJ Speranza,
        MR Tollefson, TD Fenn, JJ Michaelson, O Okada, JP Piquemal,
        JW Ponder, J Shen, RJH Smith, W Yang, P Ren and MJ Schnieders,
        2024, Journal of Chemical Physics, 161 (1).

        Copyright (c)  Michael J. Schnieders  2001-2025
        All Rights Reserved

        Force Field X is distributed under the GPL v. 3 license
        with linking exception and is hosted by the Schnieders Lab
        at The University of Iowa.

        User Manual:   https://ffx.biochem.uiowa.edu/manual.html
        Publications:  https://ffx.biochem.uiowa.edu/publications.html
        License:       https://ffx.biochem.uiowa.edu/licenses.html

 _________________________________________________________________________

 Mon Aug 11 10:21:55 CDT 2025
 Process ID 1931734 on e-deltag003.ecn.uiowa.edu.

 Command line arguments:
 [test.PhDynamics, --phAFED, --pH, 7.4, -i, Verlet, -b, Adiabatic, --thetaFriction, 0.0, -n, 100, -r, 0.001, HDECK.pdb]

 Starting up the command line interface.

 Executing internal script: ffx.algorithms.groovy.test.PhDynamics

Aug 11, 2025 10:21:57 AM ffx.ui.MainPanel open
WARNING: HDECK.pdb: could not be found.

